[22-Oct-2017 19:09:37 UTC] PHP Parse error:  syntax error, unexpected '}', expecting ',' or ';' in /home/ubuntu/workspace/valet/resources/functions/insert.php on line 19
[24-Oct-2017 00:06:04 UTC] PHP Fatal error:  Call to a member function prepare() on a non-object in /home/ubuntu/workspace/valet/resources/functions/insert.php on line 17
[24-Oct-2017 00:06:04 UTC] PHP Stack trace:
[24-Oct-2017 00:06:04 UTC] PHP   1. {main}() /home/ubuntu/workspace/valet/resources/functions/insert.php:0
[24-Oct-2017 00:06:04 UTC] PHP   2. createTicket() /home/ubuntu/workspace/valet/resources/functions/insert.php:7
[24-Oct-2017 00:06:04 UTC] PHP   3. getDropOffDriver() /home/ubuntu/workspace/valet/resources/functions/insert.php:69
[24-Oct-2017 00:09:20 UTC] PHP Fatal error:  Call to a member function prepare() on a non-object in /home/ubuntu/workspace/valet/resources/functions/insert.php on line 18
[24-Oct-2017 00:09:20 UTC] PHP Stack trace:
[24-Oct-2017 00:09:20 UTC] PHP   1. {main}() /home/ubuntu/workspace/valet/resources/functions/insert.php:0
[24-Oct-2017 00:09:20 UTC] PHP   2. createTicket() /home/ubuntu/workspace/valet/resources/functions/insert.php:7
[24-Oct-2017 00:09:20 UTC] PHP   3. getDropOffDriver() /home/ubuntu/workspace/valet/resources/functions/insert.php:70
[24-Oct-2017 00:09:44 UTC] PHP Fatal error:  Call to a member function prepare() on a non-object in /home/ubuntu/workspace/valet/resources/functions/insert.php on line 18
[24-Oct-2017 00:09:44 UTC] PHP Stack trace:
[24-Oct-2017 00:09:44 UTC] PHP   1. {main}() /home/ubuntu/workspace/valet/resources/functions/insert.php:0
[24-Oct-2017 00:09:44 UTC] PHP   2. createTicket() /home/ubuntu/workspace/valet/resources/functions/insert.php:7
[24-Oct-2017 00:09:44 UTC] PHP   3. getDropOffDriver() /home/ubuntu/workspace/valet/resources/functions/insert.php:70
[24-Oct-2017 00:09:50 UTC] PHP Fatal error:  Call to a member function prepare() on a non-object in /home/ubuntu/workspace/valet/resources/functions/insert.php on line 18
[24-Oct-2017 00:09:50 UTC] PHP Stack trace:
[24-Oct-2017 00:09:50 UTC] PHP   1. {main}() /home/ubuntu/workspace/valet/resources/functions/insert.php:0
[24-Oct-2017 00:09:50 UTC] PHP   2. createTicket() /home/ubuntu/workspace/valet/resources/functions/insert.php:7
[24-Oct-2017 00:09:50 UTC] PHP   3. getDropOffDriver() /home/ubuntu/workspace/valet/resources/functions/insert.php:70
[24-Oct-2017 00:09:52 UTC] PHP Fatal error:  Call to a member function prepare() on a non-object in /home/ubuntu/workspace/valet/resources/functions/insert.php on line 18
[24-Oct-2017 00:09:52 UTC] PHP Stack trace:
[24-Oct-2017 00:09:52 UTC] PHP   1. {main}() /home/ubuntu/workspace/valet/resources/functions/insert.php:0
[24-Oct-2017 00:09:52 UTC] PHP   2. createTicket() /home/ubuntu/workspace/valet/resources/functions/insert.php:7
[24-Oct-2017 00:09:52 UTC] PHP   3. getDropOffDriver() /home/ubuntu/workspace/valet/resources/functions/insert.php:70
[24-Oct-2017 00:13:59 UTC] PHP Warning:  Missing argument 1 for getDropOffDriver(), called in /home/ubuntu/workspace/valet/resources/functions/insert.php on line 66 and defined in /home/ubuntu/workspace/valet/resources/functions/insert.php on line 13
[24-Oct-2017 00:13:59 UTC] PHP Stack trace:
[24-Oct-2017 00:13:59 UTC] PHP   1. {main}() /home/ubuntu/workspace/valet/resources/functions/insert.php:0
[24-Oct-2017 00:13:59 UTC] PHP   2. createTicket() /home/ubuntu/workspace/valet/resources/functions/insert.php:7
[24-Oct-2017 00:13:59 UTC] PHP   3. getDropOffDriver() /home/ubuntu/workspace/valet/resources/functions/insert.php:66
[24-Oct-2017 00:13:59 UTC] PHP Fatal error:  Call to a member function prepare() on a non-object in /home/ubuntu/workspace/valet/resources/functions/insert.php on line 17
[24-Oct-2017 00:13:59 UTC] PHP Stack trace:
[24-Oct-2017 00:13:59 UTC] PHP   1. {main}() /home/ubuntu/workspace/valet/resources/functions/insert.php:0
[24-Oct-2017 00:13:59 UTC] PHP   2. createTicket() /home/ubuntu/workspace/valet/resources/functions/insert.php:7
[24-Oct-2017 00:13:59 UTC] PHP   3. getDropOffDriver() /home/ubuntu/workspace/valet/resources/functions/insert.php:66
[24-Oct-2017 00:14:20 UTC] PHP Fatal error:  Uncaught exception 'PDOException' with message 'SQLSTATE[42000]: Syntax error or access violation: 1064 You have an error in your SQL syntax; check the manual that corresponds to your MySQL server version for the right syntax to use near '7,CURRENT_TIMESTAMP)' at line 2' in /home/ubuntu/workspace/valet/resources/functions/insert.php:74
Stack trace:
#0 /home/ubuntu/workspace/valet/resources/functions/insert.php(74): PDOStatement->execute()
#1 /home/ubuntu/workspace/valet/resources/functions/insert.php(7): createTicket(Object(PDO))
#2 {main}
  thrown in /home/ubuntu/workspace/valet/resources/functions/insert.php on line 74
[24-Oct-2017 00:17:52 UTC] PHP Fatal error:  Uncaught exception 'PDOException' with message 'SQLSTATE[42000]: Syntax error or access violation: 1064 You have an error in your SQL syntax; check the manual that corresponds to your MySQL server version for the right syntax to use near ' 7, `CURRENT_TIMESTAMP`)' at line 2' in /home/ubuntu/workspace/valet/resources/functions/insert.php:74
Stack trace:
#0 /home/ubuntu/workspace/valet/resources/functions/insert.php(74): PDOStatement->execute()
#1 /home/ubuntu/workspace/valet/resources/functions/insert.php(7): createTicket(Object(PDO))
#2 {main}
  thrown in /home/ubuntu/workspace/valet/resources/functions/insert.php on line 74
[24-Oct-2017 00:20:29 UTC] PHP Fatal error:  Uncaught exception 'PDOException' with message 'SQLSTATE[42000]: Syntax error or access violation: 1064 You have an error in your SQL syntax; check the manual that corresponds to your MySQL server version for the right syntax to use near ' 7, NOW())' at line 2' in /home/ubuntu/workspace/valet/resources/functions/insert.php:74
Stack trace:
#0 /home/ubuntu/workspace/valet/resources/functions/insert.php(74): PDOStatement->execute()
#1 /home/ubuntu/workspace/valet/resources/functions/insert.php(7): createTicket(Object(PDO))
#2 {main}
  thrown in /home/ubuntu/workspace/valet/resources/functions/insert.php on line 74
[24-Oct-2017 00:27:32 UTC] PHP Fatal error:  Uncaught exception 'PDOException' with message 'SQLSTATE[42000]: Syntax error or access violation: 1064 You have an error in your SQL syntax; check the manual that corresponds to your MySQL server version for the right syntax to use near ' 7, 2017-10-24 00:27:32' at line 2' in /home/ubuntu/workspace/valet/resources/functions/insert.php:76
Stack trace:
#0 /home/ubuntu/workspace/valet/resources/functions/insert.php(76): PDOStatement->execute()
#1 /home/ubuntu/workspace/valet/resources/functions/insert.php(7): createTicket(Object(PDO))
#2 {main}
  thrown in /home/ubuntu/workspace/valet/resources/functions/insert.php on line 76
[24-Oct-2017 00:29:11 UTC] PHP Fatal error:  Uncaught exception 'PDOException' with message 'SQLSTATE[42000]: Syntax error or access violation: 1064 You have an error in your SQL syntax; check the manual that corresponds to your MySQL server version for the right syntax to use near ' 7, CURRENT_TIME()' at line 2' in /home/ubuntu/workspace/valet/resources/functions/insert.php:76
Stack trace:
#0 /home/ubuntu/workspace/valet/resources/functions/insert.php(76): PDOStatement->execute()
#1 /home/ubuntu/workspace/valet/resources/functions/insert.php(7): createTicket(Object(PDO))
#2 {main}
  thrown in /home/ubuntu/workspace/valet/resources/functions/insert.php on line 76
[24-Oct-2017 00:32:08 UTC] PHP Fatal error:  Uncaught exception 'PDOException' with message 'SQLSTATE[42000]: Syntax error or access violation: 1064 You have an error in your SQL syntax; check the manual that corresponds to your MySQL server version for the right syntax to use near ' 7, NOW())' at line 2' in /home/ubuntu/workspace/valet/resources/functions/insert.php:76
Stack trace:
#0 /home/ubuntu/workspace/valet/resources/functions/insert.php(76): PDOStatement->execute()
#1 /home/ubuntu/workspace/valet/resources/functions/insert.php(7): createTicket(Object(PDO))
#2 {main}
  thrown in /home/ubuntu/workspace/valet/resources/functions/insert.php on line 76
[24-Oct-2017 00:33:50 UTC] PHP Fatal error:  Uncaught exception 'PDOException' with message 'SQLSTATE[23000]: Integrity constraint violation: 1062 Duplicate entry '11' for key 'idx_parking_spot'' in /home/ubuntu/workspace/valet/resources/functions/insert.php:75
Stack trace:
#0 /home/ubuntu/workspace/valet/resources/functions/insert.php(75): PDOStatement->execute()
#1 /home/ubuntu/workspace/valet/resources/functions/insert.php(7): createTicket(Object(PDO))
#2 {main}
  thrown in /home/ubuntu/workspace/valet/resources/functions/insert.php on line 75
[24-Oct-2017 00:34:14 UTC] PHP Warning:  Missing argument 3 for updateParkingSpot(), called in /home/ubuntu/workspace/valet/resources/functions/insert.php on line 85 and defined in /home/ubuntu/workspace/valet/resources/functions/insert.php on line 91
[24-Oct-2017 00:34:14 UTC] PHP Stack trace:
[24-Oct-2017 00:34:14 UTC] PHP   1. {main}() /home/ubuntu/workspace/valet/resources/functions/insert.php:0
[24-Oct-2017 00:34:14 UTC] PHP   2. createTicket() /home/ubuntu/workspace/valet/resources/functions/insert.php:7
[24-Oct-2017 00:34:14 UTC] PHP   3. updateParkingSpot() /home/ubuntu/workspace/valet/resources/functions/insert.php:85
[24-Oct-2017 00:34:14 UTC] PHP Fatal error:  Call to a member function prepare() on a non-object in /home/ubuntu/workspace/valet/resources/functions/insert.php on line 94
[24-Oct-2017 00:34:14 UTC] PHP Stack trace:
[24-Oct-2017 00:34:14 UTC] PHP   1. {main}() /home/ubuntu/workspace/valet/resources/functions/insert.php:0
[24-Oct-2017 00:34:14 UTC] PHP   2. createTicket() /home/ubuntu/workspace/valet/resources/functions/insert.php:7
[24-Oct-2017 00:34:14 UTC] PHP   3. updateParkingSpot() /home/ubuntu/workspace/valet/resources/functions/insert.php:85
[24-Oct-2017 00:35:51 UTC] PHP Fatal error:  Uncaught exception 'PDOException' with message 'SQLSTATE[23000]: Integrity constraint violation: 1062 Duplicate entry '35' for key 'idx_customer_id'' in /home/ubuntu/workspace/valet/resources/functions/insert.php:75
Stack trace:
#0 /home/ubuntu/workspace/valet/resources/functions/insert.php(75): PDOStatement->execute()
#1 /home/ubuntu/workspace/valet/resources/functions/insert.php(7): createTicket(Object(PDO))
#2 {main}
  thrown in /home/ubuntu/workspace/valet/resources/functions/insert.php on line 75
[24-Oct-2017 00:36:13 UTC] PHP Fatal error:  Uncaught exception 'PDOException' with message 'SQLSTATE[23000]: Integrity constraint violation: 1062 Duplicate entry '13' for key 'idx_parking_spot'' in /home/ubuntu/workspace/valet/resources/functions/insert.php:76
Stack trace:
#0 /home/ubuntu/workspace/valet/resources/functions/insert.php(76): PDOStatement->execute()
#1 /home/ubuntu/workspace/valet/resources/functions/insert.php(7): createTicket(Object(PDO))
#2 {main}
  thrown in /home/ubuntu/workspace/valet/resources/functions/insert.php on line 76
[24-Oct-2017 00:38:19 UTC] PHP Fatal error:  Uncaught exception 'PDOException' with message 'SQLSTATE[23000]: Integrity constraint violation: 1062 Duplicate entry '13' for key 'idx_parking_spot'' in /home/ubuntu/workspace/valet/resources/functions/insert.php:76
Stack trace:
#0 /home/ubuntu/workspace/valet/resources/functions/insert.php(76): PDOStatement->execute()
#1 /home/ubuntu/workspace/valet/resources/functions/insert.php(7): createTicket(Object(PDO))
#2 {main}
  thrown in /home/ubuntu/workspace/valet/resources/functions/insert.php on line 76
[24-Oct-2017 00:38:28 UTC] PHP Fatal error:  Uncaught exception 'PDOException' with message 'SQLSTATE[23000]: Integrity constraint violation: 1062 Duplicate entry '13' for key 'idx_parking_spot'' in /home/ubuntu/workspace/valet/resources/functions/insert.php:76
Stack trace:
#0 /home/ubuntu/workspace/valet/resources/functions/insert.php(76): PDOStatement->execute()
#1 /home/ubuntu/workspace/valet/resources/functions/insert.php(7): createTicket(Object(PDO))
#2 {main}
  thrown in /home/ubuntu/workspace/valet/resources/functions/insert.php on line 76
[24-Oct-2017 18:00:32 UTC] PHP Parse error:  syntax error, unexpected 'invite' (T_STRING), expecting ',' or ';' in /home/ubuntu/workspace/valet/resources/functions/insert.php on line 17
[24-Oct-2017 18:02:31 UTC] PHP Warning:  Missing argument 1 for spotsAvailable(), called in /home/ubuntu/workspace/valet/resources/functions/insert.php on line 59 and defined in /home/ubuntu/workspace/valet/resources/functions/database.php on line 39
[24-Oct-2017 18:02:31 UTC] PHP Stack trace:
[24-Oct-2017 18:02:31 UTC] PHP   1. {main}() /home/ubuntu/workspace/valet/resources/functions/insert.php:0
[24-Oct-2017 18:02:31 UTC] PHP   2. spotsAvailable() /home/ubuntu/workspace/valet/resources/functions/insert.php:59
[24-Oct-2017 18:02:31 UTC] PHP Fatal error:  Call to a member function prepare() on a non-object in /home/ubuntu/workspace/valet/resources/functions/database.php on line 42
[24-Oct-2017 18:02:31 UTC] PHP Stack trace:
[24-Oct-2017 18:02:31 UTC] PHP   1. {main}() /home/ubuntu/workspace/valet/resources/functions/insert.php:0
[24-Oct-2017 18:02:31 UTC] PHP   2. spotsAvailable() /home/ubuntu/workspace/valet/resources/functions/insert.php:59
[24-Oct-2017 19:11:09 UTC] PHP Parse error:  syntax error, unexpected '' (T_ENCAPSED_AND_WHITESPACE), expecting identifier (T_STRING) or variable (T_VARIABLE) or number (T_NUM_STRING) in /home/ubuntu/workspace/valet/resources/functions/insert.php on line 14
[24-Oct-2017 19:13:55 UTC] PHP Parse error:  syntax error, unexpected '}' in /home/ubuntu/workspace/valet/resources/functions/database.php on line 151
[24-Oct-2017 19:13:55 UTC] PHP Stack trace:
[24-Oct-2017 19:13:55 UTC] PHP   1. {main}() /home/ubuntu/workspace/valet/resources/functions/insert.php:0
[24-Oct-2017 19:15:16 UTC] PHP Fatal error:  Call to a member function prepare() on a non-object in /home/ubuntu/workspace/valet/resources/functions/database.php on line 153
[24-Oct-2017 19:15:16 UTC] PHP Stack trace:
[24-Oct-2017 19:15:16 UTC] PHP   1. {main}() /home/ubuntu/workspace/valet/resources/functions/insert.php:0
[24-Oct-2017 19:15:16 UTC] PHP   2. displayTicket() /home/ubuntu/workspace/valet/resources/functions/insert.php:73
[24-Oct-2017 19:15:16 UTC] PHP   3. getTicketData() /home/ubuntu/workspace/valet/resources/functions/insert.php:5
[24-Oct-2017 19:15:38 UTC] PHP Fatal error:  Call to a member function prepare() on a non-object in /home/ubuntu/workspace/valet/resources/functions/database.php on line 153
[24-Oct-2017 19:15:38 UTC] PHP Stack trace:
[24-Oct-2017 19:15:38 UTC] PHP   1. {main}() /home/ubuntu/workspace/valet/resources/functions/insert.php:0
[24-Oct-2017 19:15:38 UTC] PHP   2. displayTicket() /home/ubuntu/workspace/valet/resources/functions/insert.php:73
[24-Oct-2017 19:15:38 UTC] PHP   3. getTicketData() /home/ubuntu/workspace/valet/resources/functions/insert.php:5
[24-Oct-2017 19:17:13 UTC] PHP Warning:  Missing argument 1 for displayTicket(), called in /home/ubuntu/workspace/valet/resources/functions/insert.php on line 73 and defined in /home/ubuntu/workspace/valet/resources/functions/insert.php on line 4
[24-Oct-2017 19:17:13 UTC] PHP Stack trace:
[24-Oct-2017 19:17:13 UTC] PHP   1. {main}() /home/ubuntu/workspace/valet/resources/functions/insert.php:0
[24-Oct-2017 19:17:13 UTC] PHP   2. displayTicket() /home/ubuntu/workspace/valet/resources/functions/insert.php:73
[24-Oct-2017 19:17:13 UTC] PHP Fatal error:  Call to a member function prepare() on a non-object in /home/ubuntu/workspace/valet/resources/functions/database.php on line 153
[24-Oct-2017 19:17:13 UTC] PHP Stack trace:
[24-Oct-2017 19:17:13 UTC] PHP   1. {main}() /home/ubuntu/workspace/valet/resources/functions/insert.php:0
[24-Oct-2017 19:17:13 UTC] PHP   2. displayTicket() /home/ubuntu/workspace/valet/resources/functions/insert.php:73
[24-Oct-2017 19:17:13 UTC] PHP   3. getTicketData() /home/ubuntu/workspace/valet/resources/functions/insert.php:5
[24-Oct-2017 19:17:31 UTC] PHP Fatal error:  Call to a member function prepare() on a non-object in /home/ubuntu/workspace/valet/resources/functions/database.php on line 153
[24-Oct-2017 19:17:31 UTC] PHP Stack trace:
[24-Oct-2017 19:17:31 UTC] PHP   1. {main}() /home/ubuntu/workspace/valet/resources/functions/insert.php:0
[24-Oct-2017 19:17:31 UTC] PHP   2. displayTicket() /home/ubuntu/workspace/valet/resources/functions/insert.php:73
[24-Oct-2017 19:17:31 UTC] PHP   3. getTicketData() /home/ubuntu/workspace/valet/resources/functions/insert.php:5
[24-Oct-2017 19:27:56 UTC] PHP Fatal error:  Call to a member function prepare() on a non-object in /home/ubuntu/workspace/valet/resources/functions/database.php on line 153
[24-Oct-2017 19:27:56 UTC] PHP Stack trace:
[24-Oct-2017 19:27:56 UTC] PHP   1. {main}() /home/ubuntu/workspace/valet/resources/functions/insert.php:0
[24-Oct-2017 19:27:56 UTC] PHP   2. displayTicket() /home/ubuntu/workspace/valet/resources/functions/insert.php:74
[24-Oct-2017 19:27:56 UTC] PHP   3. getTicketData() /home/ubuntu/workspace/valet/resources/functions/insert.php:6
[26-Oct-2017 19:06:28 UTC] PHP Parse error:  syntax error, unexpected 'while' (T_WHILE) in /home/ubuntu/workspace/valet/resources/functions/admin_data.php on line 19
[26-Oct-2017 19:07:19 UTC] PHP Fatal error:  Call to a member function prepare() on a non-object in /home/ubuntu/workspace/valet/resources/functions/admin_data.php on line 16
[26-Oct-2017 19:07:19 UTC] PHP Stack trace:
[26-Oct-2017 19:07:19 UTC] PHP   1. {main}() /home/ubuntu/workspace/valet/resources/functions/admin_data.php:0
[26-Oct-2017 19:10:47 UTC] PHP Fatal error:  Uncaught exception 'PDOException' with message 'SQLSTATE[42000]: Syntax error or access violation: 1103 Incorrect table name ''' in /home/ubuntu/workspace/valet/resources/functions/admin_data.php:19
Stack trace:
#0 /home/ubuntu/workspace/valet/resources/functions/admin_data.php(19): PDOStatement->execute()
#1 {main}
  thrown in /home/ubuntu/workspace/valet/resources/functions/admin_data.php on line 19
[26-Oct-2017 19:11:24 UTC] PHP Fatal error:  Uncaught exception 'PDOException' with message 'SQLSTATE[42000]: Syntax error or access violation: 1103 Incorrect table name ''' in /home/ubuntu/workspace/valet/resources/functions/admin_data.php:19
Stack trace:
#0 /home/ubuntu/workspace/valet/resources/functions/admin_data.php(19): PDOStatement->execute()
#1 {main}
  thrown in /home/ubuntu/workspace/valet/resources/functions/admin_data.php on line 19
[26-Oct-2017 19:12:31 UTC] PHP Fatal error:  Uncaught exception 'PDOException' with message 'SQLSTATE[42000]: Syntax error or access violation: 1103 Incorrect table name ''' in /home/ubuntu/workspace/valet/resources/functions/admin_data.php:19
Stack trace:
#0 /home/ubuntu/workspace/valet/resources/functions/admin_data.php(19): PDOStatement->execute()
#1 {main}
  thrown in /home/ubuntu/workspace/valet/resources/functions/admin_data.php on line 19
[26-Oct-2017 19:18:17 UTC] PHP Fatal error:  Uncaught exception 'PDOException' with message 'SQLSTATE[42S02]: Base table or view not found: 1146 Table 'valet.drivers' doesn't exist' in /home/ubuntu/workspace/valet/resources/functions/admin_data.php:19
Stack trace:
#0 /home/ubuntu/workspace/valet/resources/functions/admin_data.php(19): PDOStatement->execute()
#1 {main}
  thrown in /home/ubuntu/workspace/valet/resources/functions/admin_data.php on line 19
[26-Oct-2017 19:20:09 UTC] PHP Fatal error:  Uncaught exception 'PDOException' with message 'SQLSTATE[42S02]: Base table or view not found: 1146 Table 'valet.tickets' doesn't exist' in /home/ubuntu/workspace/valet/resources/functions/admin_data.php:19
Stack trace:
#0 /home/ubuntu/workspace/valet/resources/functions/admin_data.php(19): PDOStatement->execute()
#1 {main}
  thrown in /home/ubuntu/workspace/valet/resources/functions/admin_data.php on line 19
[26-Oct-2017 19:41:39 UTC] PHP Fatal error:  Call to a member function fetch() on a non-object in /home/ubuntu/workspace/valet/resources/functions/admin_data.php on line 35
[26-Oct-2017 19:41:39 UTC] PHP Stack trace:
[26-Oct-2017 19:41:39 UTC] PHP   1. {main}() /home/ubuntu/workspace/valet/resources/functions/admin_data.php:0
[26-Oct-2017 19:53:51 UTC] PHP Warning:  Missing argument 2 for query(), called in /home/ubuntu/workspace/valet/resources/functions/admin_data.php on line 49 and defined in /home/ubuntu/workspace/valet/resources/functions/admin_data.php on line 62
[26-Oct-2017 19:53:51 UTC] PHP Stack trace:
[26-Oct-2017 19:53:51 UTC] PHP   1. {main}() /home/ubuntu/workspace/valet/resources/functions/admin_data.php:0
[26-Oct-2017 19:53:51 UTC] PHP   2. query() /home/ubuntu/workspace/valet/resources/functions/admin_data.php:49
[26-Oct-2017 19:53:51 UTC] PHP Fatal error:  Call to a member function prepare() on a non-object in /home/ubuntu/workspace/valet/resources/functions/admin_data.php on line 64
[26-Oct-2017 19:53:51 UTC] PHP Stack trace:
[26-Oct-2017 19:53:51 UTC] PHP   1. {main}() /home/ubuntu/workspace/valet/resources/functions/admin_data.php:0
[26-Oct-2017 19:53:51 UTC] PHP   2. query() /home/ubuntu/workspace/valet/resources/functions/admin_data.php:49
[26-Oct-2017 19:54:00 UTC] PHP Warning:  Missing argument 2 for query(), called in /home/ubuntu/workspace/valet/resources/functions/admin_data.php on line 55 and defined in /home/ubuntu/workspace/valet/resources/functions/admin_data.php on line 62
[26-Oct-2017 19:54:00 UTC] PHP Stack trace:
[26-Oct-2017 19:54:00 UTC] PHP   1. {main}() /home/ubuntu/workspace/valet/resources/functions/admin_data.php:0
[26-Oct-2017 19:54:00 UTC] PHP   2. query() /home/ubuntu/workspace/valet/resources/functions/admin_data.php:55
[26-Oct-2017 19:54:00 UTC] PHP Fatal error:  Call to a member function prepare() on a non-object in /home/ubuntu/workspace/valet/resources/functions/admin_data.php on line 64
[26-Oct-2017 19:54:00 UTC] PHP Stack trace:
[26-Oct-2017 19:54:00 UTC] PHP   1. {main}() /home/ubuntu/workspace/valet/resources/functions/admin_data.php:0
[26-Oct-2017 19:54:00 UTC] PHP   2. query() /home/ubuntu/workspace/valet/resources/functions/admin_data.php:55
[26-Oct-2017 20:00:04 UTC] PHP Warning:  Missing argument 2 for query(), called in /home/ubuntu/workspace/valet/resources/functions/admin_data.php on line 43 and defined in /home/ubuntu/workspace/valet/resources/functions/admin_data.php on line 62
[26-Oct-2017 20:00:04 UTC] PHP Stack trace:
[26-Oct-2017 20:00:04 UTC] PHP   1. {main}() /home/ubuntu/workspace/valet/resources/functions/admin_data.php:0
[26-Oct-2017 20:00:04 UTC] PHP   2. query() /home/ubuntu/workspace/valet/resources/functions/admin_data.php:43
[26-Oct-2017 20:00:04 UTC] PHP Fatal error:  Call to a member function prepare() on a non-object in /home/ubuntu/workspace/valet/resources/functions/admin_data.php on line 64
[26-Oct-2017 20:00:04 UTC] PHP Stack trace:
[26-Oct-2017 20:00:04 UTC] PHP   1. {main}() /home/ubuntu/workspace/valet/resources/functions/admin_data.php:0
[26-Oct-2017 20:00:04 UTC] PHP   2. query() /home/ubuntu/workspace/valet/resources/functions/admin_data.php:43
[26-Oct-2017 20:00:05 UTC] PHP Warning:  Missing argument 2 for query(), called in /home/ubuntu/workspace/valet/resources/functions/admin_data.php on line 49 and defined in /home/ubuntu/workspace/valet/resources/functions/admin_data.php on line 62
[26-Oct-2017 20:00:05 UTC] PHP Stack trace:
[26-Oct-2017 20:00:05 UTC] PHP   1. {main}() /home/ubuntu/workspace/valet/resources/functions/admin_data.php:0
[26-Oct-2017 20:00:05 UTC] PHP   2. query() /home/ubuntu/workspace/valet/resources/functions/admin_data.php:49
[26-Oct-2017 20:00:05 UTC] PHP Fatal error:  Call to a member function prepare() on a non-object in /home/ubuntu/workspace/valet/resources/functions/admin_data.php on line 64
[26-Oct-2017 20:00:05 UTC] PHP Stack trace:
[26-Oct-2017 20:00:05 UTC] PHP   1. {main}() /home/ubuntu/workspace/valet/resources/functions/admin_data.php:0
[26-Oct-2017 20:00:05 UTC] PHP   2. query() /home/ubuntu/workspace/valet/resources/functions/admin_data.php:49
[26-Oct-2017 20:00:23 UTC] PHP Warning:  Missing argument 2 for query(), called in /home/ubuntu/workspace/valet/resources/functions/admin_data.php on line 43 and defined in /home/ubuntu/workspace/valet/resources/functions/admin_data.php on line 62
[26-Oct-2017 20:00:23 UTC] PHP Stack trace:
[26-Oct-2017 20:00:23 UTC] PHP   1. {main}() /home/ubuntu/workspace/valet/resources/functions/admin_data.php:0
[26-Oct-2017 20:00:23 UTC] PHP   2. query() /home/ubuntu/workspace/valet/resources/functions/admin_data.php:43
[26-Oct-2017 20:00:23 UTC] PHP Fatal error:  Call to a member function prepare() on a non-object in /home/ubuntu/workspace/valet/resources/functions/admin_data.php on line 64
[26-Oct-2017 20:00:23 UTC] PHP Stack trace:
[26-Oct-2017 20:00:23 UTC] PHP   1. {main}() /home/ubuntu/workspace/valet/resources/functions/admin_data.php:0
[26-Oct-2017 20:00:23 UTC] PHP   2. query() /home/ubuntu/workspace/valet/resources/functions/admin_data.php:43
[26-Oct-2017 20:00:25 UTC] PHP Warning:  Missing argument 2 for query(), called in /home/ubuntu/workspace/valet/resources/functions/admin_data.php on line 49 and defined in /home/ubuntu/workspace/valet/resources/functions/admin_data.php on line 62
[26-Oct-2017 20:00:25 UTC] PHP Stack trace:
[26-Oct-2017 20:00:25 UTC] PHP   1. {main}() /home/ubuntu/workspace/valet/resources/functions/admin_data.php:0
[26-Oct-2017 20:00:25 UTC] PHP   2. query() /home/ubuntu/workspace/valet/resources/functions/admin_data.php:49
[26-Oct-2017 20:00:25 UTC] PHP Fatal error:  Call to a member function prepare() on a non-object in /home/ubuntu/workspace/valet/resources/functions/admin_data.php on line 64
[26-Oct-2017 20:00:25 UTC] PHP Stack trace:
[26-Oct-2017 20:00:25 UTC] PHP   1. {main}() /home/ubuntu/workspace/valet/resources/functions/admin_data.php:0
[26-Oct-2017 20:00:25 UTC] PHP   2. query() /home/ubuntu/workspace/valet/resources/functions/admin_data.php:49
[26-Oct-2017 20:00:27 UTC] PHP Warning:  Missing argument 2 for query(), called in /home/ubuntu/workspace/valet/resources/functions/admin_data.php on line 43 and defined in /home/ubuntu/workspace/valet/resources/functions/admin_data.php on line 62
[26-Oct-2017 20:00:27 UTC] PHP Stack trace:
[26-Oct-2017 20:00:27 UTC] PHP   1. {main}() /home/ubuntu/workspace/valet/resources/functions/admin_data.php:0
[26-Oct-2017 20:00:27 UTC] PHP   2. query() /home/ubuntu/workspace/valet/resources/functions/admin_data.php:43
[26-Oct-2017 20:00:27 UTC] PHP Fatal error:  Call to a member function prepare() on a non-object in /home/ubuntu/workspace/valet/resources/functions/admin_data.php on line 64
[26-Oct-2017 20:00:27 UTC] PHP Stack trace:
[26-Oct-2017 20:00:27 UTC] PHP   1. {main}() /home/ubuntu/workspace/valet/resources/functions/admin_data.php:0
[26-Oct-2017 20:00:27 UTC] PHP   2. query() /home/ubuntu/workspace/valet/resources/functions/admin_data.php:43
[26-Oct-2017 20:09:49 UTC] PHP Warning:  Missing argument 2 for query(), called in /home/ubuntu/workspace/valet/resources/functions/admin_data.php on line 91 and defined in /home/ubuntu/workspace/valet/resources/functions/admin_data.php on line 98
[26-Oct-2017 20:09:49 UTC] PHP Stack trace:
[26-Oct-2017 20:09:49 UTC] PHP   1. {main}() /home/ubuntu/workspace/valet/resources/functions/admin_data.php:0
[26-Oct-2017 20:09:49 UTC] PHP   2. query() /home/ubuntu/workspace/valet/resources/functions/admin_data.php:91
[26-Oct-2017 20:09:49 UTC] PHP Fatal error:  Call to a member function prepare() on a non-object in /home/ubuntu/workspace/valet/resources/functions/admin_data.php on line 100
[26-Oct-2017 20:09:49 UTC] PHP Stack trace:
[26-Oct-2017 20:09:49 UTC] PHP   1. {main}() /home/ubuntu/workspace/valet/resources/functions/admin_data.php:0
[26-Oct-2017 20:09:49 UTC] PHP   2. query() /home/ubuntu/workspace/valet/resources/functions/admin_data.php:91
[26-Oct-2017 20:10:01 UTC] PHP Warning:  Missing argument 2 for query(), called in /home/ubuntu/workspace/valet/resources/functions/admin_data.php on line 91 and defined in /home/ubuntu/workspace/valet/resources/functions/admin_data.php on line 98
[26-Oct-2017 20:10:01 UTC] PHP Stack trace:
[26-Oct-2017 20:10:01 UTC] PHP   1. {main}() /home/ubuntu/workspace/valet/resources/functions/admin_data.php:0
[26-Oct-2017 20:10:01 UTC] PHP   2. query() /home/ubuntu/workspace/valet/resources/functions/admin_data.php:91
[26-Oct-2017 20:10:01 UTC] PHP Fatal error:  Call to a member function prepare() on a non-object in /home/ubuntu/workspace/valet/resources/functions/admin_data.php on line 100
[26-Oct-2017 20:10:01 UTC] PHP Stack trace:
[26-Oct-2017 20:10:01 UTC] PHP   1. {main}() /home/ubuntu/workspace/valet/resources/functions/admin_data.php:0
[26-Oct-2017 20:10:01 UTC] PHP   2. query() /home/ubuntu/workspace/valet/resources/functions/admin_data.php:91
[26-Oct-2017 21:02:02 UTC] PHP Parse error:  syntax error, unexpected '$dbConn' (T_VARIABLE), expecting ')' in /home/ubuntu/workspace/valet/resources/functions/admin_data.php on line 171
[26-Oct-2017 21:03:27 UTC] PHP Parse error:  syntax error, unexpected end of file in /home/ubuntu/workspace/valet/resources/functions/admin_data.php on line 182
[26-Oct-2017 21:07:22 UTC] PHP Parse error:  syntax error, unexpected 'switch' (T_SWITCH) in /home/ubuntu/workspace/valet/resources/functions/admin_data.php on line 132
[26-Oct-2017 21:18:19 UTC] PHP Parse error:  syntax error, unexpected '=' in /home/ubuntu/workspace/valet/resources/functions/admin_data.php on line 130
[26-Oct-2017 21:18:23 UTC] PHP Parse error:  syntax error, unexpected '=' in /home/ubuntu/workspace/valet/resources/functions/admin_data.php on line 130
[26-Oct-2017 21:19:17 UTC] PHP Fatal error:  Uncaught exception 'PDOException' with message 'SQLSTATE[42000]: Syntax error or access violation: 1064 You have an error in your SQL syntax; check the manual that corresponds to your MySQL server version for the right syntax to use near '' at line 1' in /home/ubuntu/workspace/valet/resources/functions/admin_data.php:177
Stack trace:
#0 /home/ubuntu/workspace/valet/resources/functions/admin_data.php(177): PDOStatement->execute()
#1 /home/ubuntu/workspace/valet/resources/functions/admin_data.php(143): queryFilter('Available', 'status', '', Object(PDO))
#2 {main}
  thrown in /home/ubuntu/workspace/valet/resources/functions/admin_data.php on line 177
[26-Oct-2017 21:19:49 UTC] PHP Fatal error:  Uncaught exception 'PDOException' with message 'SQLSTATE[42000]: Syntax error or access violation: 1064 You have an error in your SQL syntax; check the manual that corresponds to your MySQL server version for the right syntax to use near '' at line 1' in /home/ubuntu/workspace/valet/resources/functions/admin_data.php:178
Stack trace:
#0 /home/ubuntu/workspace/valet/resources/functions/admin_data.php(178): PDOStatement->execute()
#1 /home/ubuntu/workspace/valet/resources/functions/admin_data.php(144): queryFilter('Available', 'status', '', Object(PDO))
#2 {main}
  thrown in /home/ubuntu/workspace/valet/resources/functions/admin_data.php on line 178
[26-Oct-2017 21:20:25 UTC] PHP Fatal error:  Uncaught exception 'PDOException' with message 'SQLSTATE[42000]: Syntax error or access violation: 1064 You have an error in your SQL syntax; check the manual that corresponds to your MySQL server version for the right syntax to use near '' at line 1' in /home/ubuntu/workspace/valet/resources/functions/admin_data.php:178
Stack trace:
#0 /home/ubuntu/workspace/valet/resources/functions/admin_data.php(178): PDOStatement->execute()
#1 /home/ubuntu/workspace/valet/resources/functions/admin_data.php(144): queryFilter('Available', 'status', '', Object(PDO))
#2 {main}
  thrown in /home/ubuntu/workspace/valet/resources/functions/admin_data.php on line 178
[26-Oct-2017 21:20:45 UTC] PHP Fatal error:  Uncaught exception 'PDOException' with message 'SQLSTATE[42000]: Syntax error or access violation: 1103 Incorrect table name ''' in /home/ubuntu/workspace/valet/resources/functions/admin_data.php:178
Stack trace:
#0 /home/ubuntu/workspace/valet/resources/functions/admin_data.php(178): PDOStatement->execute()
#1 /home/ubuntu/workspace/valet/resources/functions/admin_data.php(144): queryFilter('', 'status', '', Object(PDO))
#2 {main}
  thrown in /home/ubuntu/workspace/valet/resources/functions/admin_data.php on line 178
[26-Oct-2017 21:20:52 UTC] PHP Fatal error:  Uncaught exception 'PDOException' with message 'SQLSTATE[42000]: Syntax error or access violation: 1103 Incorrect table name ''' in /home/ubuntu/workspace/valet/resources/functions/admin_data.php:178
Stack trace:
#0 /home/ubuntu/workspace/valet/resources/functions/admin_data.php(178): PDOStatement->execute()
#1 /home/ubuntu/workspace/valet/resources/functions/admin_data.php(144): queryFilter('', '', '', Object(PDO))
#2 {main}
  thrown in /home/ubuntu/workspace/valet/resources/functions/admin_data.php on line 178
[26-Oct-2017 21:21:11 UTC] PHP Fatal error:  Uncaught exception 'PDOException' with message 'SQLSTATE[42000]: Syntax error or access violation: 1064 You have an error in your SQL syntax; check the manual that corresponds to your MySQL server version for the right syntax to use near '' at line 1' in /home/ubuntu/workspace/valet/resources/functions/admin_data.php:178
Stack trace:
#0 /home/ubuntu/workspace/valet/resources/functions/admin_data.php(178): PDOStatement->execute()
#1 /home/ubuntu/workspace/valet/resources/functions/admin_data.php(144): queryFilter('Parking Spots', 'status', '', Object(PDO))
#2 {main}
  thrown in /home/ubuntu/workspace/valet/resources/functions/admin_data.php on line 178
[26-Oct-2017 21:24:51 UTC] PHP Fatal error:  Uncaught exception 'PDOException' with message 'SQLSTATE[42000]: Syntax error or access violation: 1064 You have an error in your SQL syntax; check the manual that corresponds to your MySQL server version for the right syntax to use near '' at line 1' in /home/ubuntu/workspace/valet/resources/functions/admin_data.php:177
Stack trace:
#0 /home/ubuntu/workspace/valet/resources/functions/admin_data.php(177): PDOStatement->execute()
#1 /home/ubuntu/workspace/valet/resources/functions/admin_data.php(143): queryFilter('parking_spot', 'status', '', Object(PDO))
#2 {main}
  thrown in /home/ubuntu/workspace/valet/resources/functions/admin_data.php on line 177
[26-Oct-2017 21:25:41 UTC] PHP Fatal error:  Uncaught exception 'PDOException' with message 'SQLSTATE[42000]: Syntax error or access violation: 1064 You have an error in your SQL syntax; check the manual that corresponds to your MySQL server version for the right syntax to use near '' at line 1' in /home/ubuntu/workspace/valet/resources/functions/admin_data.php:176
Stack trace:
#0 /home/ubuntu/workspace/valet/resources/functions/admin_data.php(176): PDOStatement->execute()
#1 /home/ubuntu/workspace/valet/resources/functions/admin_data.php(142): queryFilter('parking_spot', 'status', '', Object(PDO))
#2 {main}
  thrown in /home/ubuntu/workspace/valet/resources/functions/admin_data.php on line 176
[26-Oct-2017 21:28:47 UTC] PHP Fatal error:  Uncaught exception 'PDOException' with message 'SQLSTATE[42000]: Syntax error or access violation: 1064 You have an error in your SQL syntax; check the manual that corresponds to your MySQL server version for the right syntax to use near '' at line 1' in /home/ubuntu/workspace/valet/resources/functions/admin_data.php:176
Stack trace:
#0 /home/ubuntu/workspace/valet/resources/functions/admin_data.php(176): PDOStatement->execute()
#1 /home/ubuntu/workspace/valet/resources/functions/admin_data.php(142): queryFilter('parking_spot', 'status', '', Object(PDO))
#2 {main}
  thrown in /home/ubuntu/workspace/valet/resources/functions/admin_data.php on line 176
[26-Oct-2017 21:31:06 UTC] PHP Fatal error:  Uncaught exception 'PDOException' with message 'SQLSTATE[42000]: Syntax error or access violation: 1064 You have an error in your SQL syntax; check the manual that corresponds to your MySQL server version for the right syntax to use near '' at line 1' in /home/ubuntu/workspace/valet/resources/functions/admin_data.php:176
Stack trace:
#0 /home/ubuntu/workspace/valet/resources/functions/admin_data.php(176): PDOStatement->execute()
#1 /home/ubuntu/workspace/valet/resources/functions/admin_data.php(142): queryFilter('parking_spot', 'status', '', Object(PDO))
#2 {main}
  thrown in /home/ubuntu/workspace/valet/resources/functions/admin_data.php on line 176
[26-Oct-2017 21:31:12 UTC] PHP Fatal error:  Uncaught exception 'PDOException' with message 'SQLSTATE[42000]: Syntax error or access violation: 1064 You have an error in your SQL syntax; check the manual that corresponds to your MySQL server version for the right syntax to use near '' at line 1' in /home/ubuntu/workspace/valet/resources/functions/admin_data.php:176
Stack trace:
#0 /home/ubuntu/workspace/valet/resources/functions/admin_data.php(176): PDOStatement->execute()
#1 /home/ubuntu/workspace/valet/resources/functions/admin_data.php(142): queryFilter('parking_spot', 'status', '', Object(PDO))
#2 {main}
  thrown in /home/ubuntu/workspace/valet/resources/functions/admin_data.php on line 176
[26-Oct-2017 21:31:45 UTC] PHP Fatal error:  Uncaught exception 'PDOException' with message 'SQLSTATE[42000]: Syntax error or access violation: 1064 You have an error in your SQL syntax; check the manual that corresponds to your MySQL server version for the right syntax to use near '' at line 1' in /home/ubuntu/workspace/valet/resources/functions/admin_data.php:176
Stack trace:
#0 /home/ubuntu/workspace/valet/resources/functions/admin_data.php(176): PDOStatement->execute()
#1 /home/ubuntu/workspace/valet/resources/functions/admin_data.php(142): queryFilter('parking_spot', 'status', '', Object(PDO))
#2 {main}
  thrown in /home/ubuntu/workspace/valet/resources/functions/admin_data.php on line 176
[26-Oct-2017 21:35:47 UTC] PHP Fatal error:  Uncaught exception 'PDOException' with message 'SQLSTATE[42000]: Syntax error or access violation: 1064 You have an error in your SQL syntax; check the manual that corresponds to your MySQL server version for the right syntax to use near '' at line 1' in /home/ubuntu/workspace/valet/resources/functions/admin_data.php:176
Stack trace:
#0 /home/ubuntu/workspace/valet/resources/functions/admin_data.php(176): PDOStatement->execute()
#1 /home/ubuntu/workspace/valet/resources/functions/admin_data.php(142): queryFilter('parking_spot', 'status', 0, Object(PDO))
#2 {main}
  thrown in /home/ubuntu/workspace/valet/resources/functions/admin_data.php on line 176
[26-Oct-2017 21:36:11 UTC] PHP Fatal error:  Uncaught exception 'PDOException' with message 'SQLSTATE[42000]: Syntax error or access violation: 1064 You have an error in your SQL syntax; check the manual that corresponds to your MySQL server version for the right syntax to use near '' at line 1' in /home/ubuntu/workspace/valet/resources/functions/admin_data.php:176
Stack trace:
#0 /home/ubuntu/workspace/valet/resources/functions/admin_data.php(176): PDOStatement->execute()
#1 /home/ubuntu/workspace/valet/resources/functions/admin_data.php(142): queryFilter('parking_spot', 'status', 0, Object(PDO))
#2 {main}
  thrown in /home/ubuntu/workspace/valet/resources/functions/admin_data.php on line 176
[26-Oct-2017 21:44:43 UTC] PHP Parse error:  syntax error, unexpected end of file in /home/ubuntu/workspace/valet/resources/functions/admin_data.php on line 185
[26-Oct-2017 21:44:47 UTC] PHP Parse error:  syntax error, unexpected end of file in /home/ubuntu/workspace/valet/resources/functions/admin_data.php on line 185
[26-Oct-2017 21:47:36 UTC] PHP Parse error:  syntax error, unexpected ''None'' (T_CONSTANT_ENCAPSED_STRING) in /home/ubuntu/workspace/valet/resources/functions/admin_data.php on line 158
[26-Oct-2017 22:24:18 UTC] PHP Fatal error:  Uncaught exception 'PDOException' with message 'SQLSTATE[42S22]: Column not found: 1054 Unknown column 'active_status' in 'where clause'' in /home/ubuntu/workspace/valet/resources/functions/admin_data.php:218
Stack trace:
#0 /home/ubuntu/workspace/valet/resources/functions/admin_data.php(218): PDOStatement->execute()
#1 /home/ubuntu/workspace/valet/resources/functions/admin_data.php(184): queryFilter('driver', 'active_status', 1, Object(PDO))
#2 {main}
  thrown in /home/ubuntu/workspace/valet/resources/functions/admin_data.php on line 218
[26-Oct-2017 22:24:19 UTC] PHP Fatal error:  Uncaught exception 'PDOException' with message 'SQLSTATE[42S22]: Column not found: 1054 Unknown column 'active_status' in 'where clause'' in /home/ubuntu/workspace/valet/resources/functions/admin_data.php:218
Stack trace:
#0 /home/ubuntu/workspace/valet/resources/functions/admin_data.php(218): PDOStatement->execute()
#1 /home/ubuntu/workspace/valet/resources/functions/admin_data.php(184): queryFilter('driver', 'active_status', 0, Object(PDO))
#2 {main}
  thrown in /home/ubuntu/workspace/valet/resources/functions/admin_data.php on line 218
[26-Oct-2017 22:24:21 UTC] PHP Fatal error:  Uncaught exception 'PDOException' with message 'SQLSTATE[42S22]: Column not found: 1054 Unknown column 'active_status' in 'where clause'' in /home/ubuntu/workspace/valet/resources/functions/admin_data.php:218
Stack trace:
#0 /home/ubuntu/workspace/valet/resources/functions/admin_data.php(218): PDOStatement->execute()
#1 /home/ubuntu/workspace/valet/resources/functions/admin_data.php(184): queryFilter('driver', 'active_status', 1, Object(PDO))
#2 {main}
  thrown in /home/ubuntu/workspace/valet/resources/functions/admin_data.php on line 218
[26-Oct-2017 23:18:20 UTC] PHP Fatal error:  Uncaught exception 'PDOException' with message 'SQLSTATE[42000]: Syntax error or access violation: 1064 You have an error in your SQL syntax; check the manual that corresponds to your MySQL server version for the right syntax to use near '' at line 1' in /home/ubuntu/workspace/valet/resources/functions/admin_data.php:282
Stack trace:
#0 /home/ubuntu/workspace/valet/resources/functions/admin_data.php(282): PDOStatement->execute()
#1 /home/ubuntu/workspace/valet/resources/functions/admin_data.php(243): queryFilter('customer', '', NULL, Object(PDO))
#2 {main}
  thrown in /home/ubuntu/workspace/valet/resources/functions/admin_data.php on line 282
[26-Oct-2017 23:18:22 UTC] PHP Fatal error:  Call to a member function prepare() on a non-object in /home/ubuntu/workspace/valet/resources/functions/admin_data.php on line 287
[26-Oct-2017 23:18:22 UTC] PHP Stack trace:
[26-Oct-2017 23:18:22 UTC] PHP   1. {main}() /home/ubuntu/workspace/valet/resources/functions/admin_data.php:0
[26-Oct-2017 23:18:22 UTC] PHP   2. executeSQL() /home/ubuntu/workspace/valet/resources/functions/admin_data.php:241
[26-Oct-2017 23:19:58 UTC] PHP Fatal error:  Uncaught exception 'PDOException' with message 'SQLSTATE[42000]: Syntax error or access violation: 1064 You have an error in your SQL syntax; check the manual that corresponds to your MySQL server version for the right syntax to use near '' at line 1' in /home/ubuntu/workspace/valet/resources/functions/admin_data.php:283
Stack trace:
#0 /home/ubuntu/workspace/valet/resources/functions/admin_data.php(283): PDOStatement->execute()
#1 /home/ubuntu/workspace/valet/resources/functions/admin_data.php(243): queryFilter('customer', '', NULL, Object(PDO))
#2 {main}
  thrown in /home/ubuntu/workspace/valet/resources/functions/admin_data.php on line 283
[26-Oct-2017 23:21:24 UTC] PHP Fatal error:  Uncaught exception 'PDOException' with message 'SQLSTATE[42000]: Syntax error or access violation: 1064 You have an error in your SQL syntax; check the manual that corresponds to your MySQL server version for the right syntax to use near '' at line 1' in /home/ubuntu/workspace/valet/resources/functions/admin_data.php:284
Stack trace:
#0 /home/ubuntu/workspace/valet/resources/functions/admin_data.php(284): PDOStatement->execute()
#1 /home/ubuntu/workspace/valet/resources/functions/admin_data.php(244): queryFilter('customer', '', NULL, Object(PDO))
#2 {main}
  thrown in /home/ubuntu/workspace/valet/resources/functions/admin_data.php on line 284
[26-Oct-2017 23:25:49 UTC] PHP Fatal error:  Call to a member function prepare() on a non-object in /home/ubuntu/workspace/valet/resources/functions/admin_data.php on line 288
[26-Oct-2017 23:25:49 UTC] PHP Stack trace:
[26-Oct-2017 23:25:49 UTC] PHP   1. {main}() /home/ubuntu/workspace/valet/resources/functions/admin_data.php:0
[26-Oct-2017 23:25:49 UTC] PHP   2. executeSQL() /home/ubuntu/workspace/valet/resources/functions/admin_data.php:240
[26-Oct-2017 23:26:12 UTC] PHP Fatal error:  Call to a member function prepare() on a non-object in /home/ubuntu/workspace/valet/resources/functions/admin_data.php on line 287
[26-Oct-2017 23:26:12 UTC] PHP Stack trace:
[26-Oct-2017 23:26:12 UTC] PHP   1. {main}() /home/ubuntu/workspace/valet/resources/functions/admin_data.php:0
[26-Oct-2017 23:26:12 UTC] PHP   2. executeSQL() /home/ubuntu/workspace/valet/resources/functions/admin_data.php:240
[26-Oct-2017 23:42:05 UTC] PHP Fatal error:  Uncaught exception 'PDOException' with message 'SQLSTATE[42S22]: Column not found: 1054 Unknown column '' in 'where clause'' in /home/ubuntu/workspace/valet/resources/functions/admin_data.php:318
Stack trace:
#0 /home/ubuntu/workspace/valet/resources/functions/admin_data.php(318): PDOStatement->execute()
#1 /home/ubuntu/workspace/valet/resources/functions/admin_data.php(284): queryFilter('driver', '', 1, Object(PDO))
#2 {main}
  thrown in /home/ubuntu/workspace/valet/resources/functions/admin_data.php on line 318
[26-Oct-2017 23:42:07 UTC] PHP Fatal error:  Uncaught exception 'PDOException' with message 'SQLSTATE[42S22]: Column not found: 1054 Unknown column '' in 'where clause'' in /home/ubuntu/workspace/valet/resources/functions/admin_data.php:318
Stack trace:
#0 /home/ubuntu/workspace/valet/resources/functions/admin_data.php(318): PDOStatement->execute()
#1 /home/ubuntu/workspace/valet/resources/functions/admin_data.php(284): queryFilter('driver', '', 0, Object(PDO))
#2 {main}
  thrown in /home/ubuntu/workspace/valet/resources/functions/admin_data.php on line 318
[26-Oct-2017 23:44:07 UTC] PHP Fatal error:  Uncaught exception 'PDOException' with message 'SQLSTATE[42000]: Syntax error or access violation: 1064 You have an error in your SQL syntax; check the manual that corresponds to your MySQL server version for the right syntax to use near '' at line 1' in /home/ubuntu/workspace/valet/resources/functions/admin_data.php:318
Stack trace:
#0 /home/ubuntu/workspace/valet/resources/functions/admin_data.php(318): PDOStatement->execute()
#1 /home/ubuntu/workspace/valet/resources/functions/admin_data.php(284): queryFilter('ticket', '', NULL, Object(PDO))
#2 {main}
  thrown in /home/ubuntu/workspace/valet/resources/functions/admin_data.php on line 318
[26-Oct-2017 23:46:51 UTC] PHP Fatal error:  Call to a member function fetch() on a non-object in /home/ubuntu/workspace/valet/resources/functions/admin_data.php on line 200
[26-Oct-2017 23:46:51 UTC] PHP Stack trace:
[26-Oct-2017 23:46:51 UTC] PHP   1. {main}() /home/ubuntu/workspace/valet/resources/functions/admin_data.php:0
[26-Oct-2017 23:53:03 UTC] PHP Fatal error:  Uncaught exception 'PDOException' with message 'SQLSTATE[42S22]: Column not found: 1054 Unknown column '' in 'where clause'' in /home/ubuntu/workspace/valet/resources/functions/admin_data.php:321
Stack trace:
#0 /home/ubuntu/workspace/valet/resources/functions/admin_data.php(321): PDOStatement->execute()
#1 /home/ubuntu/workspace/valet/resources/functions/admin_data.php(286): queryFilter('ticket', '', '4', Object(PDO))
#2 {main}
  thrown in /home/ubuntu/workspace/valet/resources/functions/admin_data.php on line 321
[26-Oct-2017 23:55:42 UTC] PHP Fatal error:  Uncaught exception 'PDOException' with message 'SQLSTATE[42000]: Syntax error or access violation: 1064 You have an error in your SQL syntax; check the manual that corresponds to your MySQL server version for the right syntax to use near 'IS NULL' at line 1' in /home/ubuntu/workspace/valet/resources/functions/admin_data.php:320
Stack trace:
#0 /home/ubuntu/workspace/valet/resources/functions/admin_data.php(320): PDOStatement->execute()
#1 /home/ubuntu/workspace/valet/resources/functions/admin_data.php(285): queryFilter('ticket', 'drop_off_driver', 'IS NULL', Object(PDO))
#2 {main}
  thrown in /home/ubuntu/workspace/valet/resources/functions/admin_data.php on line 320
[26-Oct-2017 23:59:53 UTC] PHP Fatal error:  Call to undefined function querySQL() in /home/ubuntu/workspace/valet/resources/functions/admin_data.php on line 283
[26-Oct-2017 23:59:53 UTC] PHP Stack trace:
[26-Oct-2017 23:59:53 UTC] PHP   1. {main}() /home/ubuntu/workspace/valet/resources/functions/admin_data.php:0
<<<<<<< HEAD
[27-Oct-2017 02:16:18 UTC] PHP Parse error:  syntax error, unexpected '}' in /home/ubuntu/workspace/valet/resources/functions/admin_data.php on line 348
[27-Oct-2017 02:16:19 UTC] PHP Parse error:  syntax error, unexpected '}' in /home/ubuntu/workspace/valet/resources/functions/admin_data.php on line 348
[27-Oct-2017 02:16:31 UTC] PHP Parse error:  syntax error, unexpected '}' in /home/ubuntu/workspace/valet/resources/functions/admin_data.php on line 348
[27-Oct-2017 02:32:18 UTC] PHP Fatal error:  Call to a member function fetch() on a non-object in /home/ubuntu/workspace/valet/resources/functions/admin_data.php on line 160
[27-Oct-2017 02:32:18 UTC] PHP Stack trace:
[27-Oct-2017 02:32:18 UTC] PHP   1. {main}() /home/ubuntu/workspace/valet/resources/functions/admin_data.php:0
[27-Oct-2017 02:32:19 UTC] PHP Fatal error:  Call to a member function fetch() on a non-object in /home/ubuntu/workspace/valet/resources/functions/admin_data.php on line 160
[27-Oct-2017 02:32:19 UTC] PHP Stack trace:
[27-Oct-2017 02:32:19 UTC] PHP   1. {main}() /home/ubuntu/workspace/valet/resources/functions/admin_data.php:0
[27-Oct-2017 02:33:11 UTC] PHP Fatal error:  Uncaught exception 'PDOException' with message 'SQLSTATE[42000]: Syntax error or access violation: 1064 You have an error in your SQL syntax; check the manual that corresponds to your MySQL server version for the right syntax to use near 'BYDESC' at line 1' in /home/ubuntu/workspace/valet/resources/functions/admin_data.php:351
Stack trace:
#0 /home/ubuntu/workspace/valet/resources/functions/admin_data.php(351): PDOStatement->execute()
#1 /home/ubuntu/workspace/valet/resources/functions/admin_data.php(148): queryFilter('parking_spot', 'status', 0, Object(PDO))
#2 {main}
  thrown in /home/ubuntu/workspace/valet/resources/functions/admin_data.php on line 351
[27-Oct-2017 02:33:32 UTC] PHP Fatal error:  Uncaught exception 'PDOException' with message 'SQLSTATE[42000]: Syntax error or access violation: 1064 You have an error in your SQL syntax; check the manual that corresponds to your MySQL server version for the right syntax to use near 'BY DESC' at line 1' in /home/ubuntu/workspace/valet/resources/functions/admin_data.php:351
Stack trace:
#0 /home/ubuntu/workspace/valet/resources/functions/admin_data.php(351): PDOStatement->execute()
#1 /home/ubuntu/workspace/valet/resources/functions/admin_data.php(148): queryFilter('parking_spot', 'status', 0, Object(PDO))
#2 {main}
  thrown in /home/ubuntu/workspace/valet/resources/functions/admin_data.php on line 351
[27-Oct-2017 02:34:27 UTC] PHP Fatal error:  Uncaught exception 'PDOException' with message 'SQLSTATE[42000]: Syntax error or access violation: 1064 You have an error in your SQL syntax; check the manual that corresponds to your MySQL server version for the right syntax to use near 'BY  DESC' at line 1' in /home/ubuntu/workspace/valet/resources/functions/admin_data.php:351
Stack trace:
#0 /home/ubuntu/workspace/valet/resources/functions/admin_data.php(351): PDOStatement->execute()
#1 /home/ubuntu/workspace/valet/resources/functions/admin_data.php(148): queryFilter('parking_spot', 'status', 0, Object(PDO))
#2 {main}
  thrown in /home/ubuntu/workspace/valet/resources/functions/admin_data.php on line 351
[27-Oct-2017 02:47:21 UTC] PHP Fatal error:  Uncaught exception 'PDOException' with message 'SQLSTATE[42000]: Syntax error or access violation: 1064 You have an error in your SQL syntax; check the manual that corresponds to your MySQL server version for the right syntax to use near 'WHERE `` =' at line 1' in /home/ubuntu/workspace/valet/resources/functions/admin_data.php:386
Stack trace:
#0 /home/ubuntu/workspace/valet/resources/functions/admin_data.php(386): PDOStatement->execute()
#1 /home/ubuntu/workspace/valet/resources/functions/admin_data.php(284): executeSQL(Object(PDO), 'SELECT * FROM `...')
#2 {main}
  thrown in /home/ubuntu/workspace/valet/resources/functions/admin_data.php on line 386
[27-Oct-2017 02:47:22 UTC] PHP Fatal error:  Uncaught exception 'PDOException' with message 'SQLSTATE[42000]: Syntax error or access violation: 1064 You have an error in your SQL syntax; check the manual that corresponds to your MySQL server version for the right syntax to use near 'WHERE `` =  ORDER BY time DESC' at line 1' in /home/ubuntu/workspace/valet/resources/functions/admin_data.php:386
Stack trace:
#0 /home/ubuntu/workspace/valet/resources/functions/admin_data.php(386): PDOStatement->execute()
#1 /home/ubuntu/workspace/valet/resources/functions/admin_data.php(284): executeSQL(Object(PDO), 'SELECT * FROM `...')
#2 {main}
  thrown in /home/ubuntu/workspace/valet/resources/functions/admin_data.php on line 386
[27-Oct-2017 02:54:39 UTC] PHP Fatal error:  Call to a member function fetch() on a non-object in /home/ubuntu/workspace/valet/resources/functions/admin_data.php on line 160
[27-Oct-2017 02:54:39 UTC] PHP Stack trace:
[27-Oct-2017 02:54:39 UTC] PHP   1. {main}() /home/ubuntu/workspace/valet/resources/functions/admin_data.php:0
[27-Oct-2017 02:54:40 UTC] PHP Fatal error:  Call to a member function fetch() on a non-object in /home/ubuntu/workspace/valet/resources/functions/admin_data.php on line 160
[27-Oct-2017 02:54:40 UTC] PHP Stack trace:
[27-Oct-2017 02:54:40 UTC] PHP   1. {main}() /home/ubuntu/workspace/valet/resources/functions/admin_data.php:0
[27-Oct-2017 02:55:22 UTC] PHP Fatal error:  Call to a member function fetch() on a non-object in /home/ubuntu/workspace/valet/resources/functions/admin_data.php on line 160
[27-Oct-2017 02:55:22 UTC] PHP Stack trace:
[27-Oct-2017 02:55:22 UTC] PHP   1. {main}() /home/ubuntu/workspace/valet/resources/functions/admin_data.php:0
[27-Oct-2017 02:55:23 UTC] PHP Fatal error:  Call to a member function fetch() on a non-object in /home/ubuntu/workspace/valet/resources/functions/admin_data.php on line 160
[27-Oct-2017 02:55:23 UTC] PHP Stack trace:
[27-Oct-2017 02:55:23 UTC] PHP   1. {main}() /home/ubuntu/workspace/valet/resources/functions/admin_data.php:0
[27-Oct-2017 02:55:27 UTC] PHP Fatal error:  Call to a member function fetch() on a non-object in /home/ubuntu/workspace/valet/resources/functions/admin_data.php on line 160
[27-Oct-2017 02:55:27 UTC] PHP Stack trace:
[27-Oct-2017 02:55:27 UTC] PHP   1. {main}() /home/ubuntu/workspace/valet/resources/functions/admin_data.php:0
[27-Oct-2017 02:55:32 UTC] PHP Fatal error:  Call to a member function fetch() on a non-object in /home/ubuntu/workspace/valet/resources/functions/admin_data.php on line 160
[27-Oct-2017 02:55:32 UTC] PHP Stack trace:
[27-Oct-2017 02:55:32 UTC] PHP   1. {main}() /home/ubuntu/workspace/valet/resources/functions/admin_data.php:0
[27-Oct-2017 02:55:58 UTC] PHP Fatal error:  Call to a member function fetch() on a non-object in /home/ubuntu/workspace/valet/resources/functions/admin_data.php on line 160
[27-Oct-2017 02:55:58 UTC] PHP Stack trace:
[27-Oct-2017 02:55:58 UTC] PHP   1. {main}() /home/ubuntu/workspace/valet/resources/functions/admin_data.php:0
[27-Oct-2017 02:55:59 UTC] PHP Fatal error:  Call to a member function fetch() on a non-object in /home/ubuntu/workspace/valet/resources/functions/admin_data.php on line 160
[27-Oct-2017 02:55:59 UTC] PHP Stack trace:
[27-Oct-2017 02:55:59 UTC] PHP   1. {main}() /home/ubuntu/workspace/valet/resources/functions/admin_data.php:0
[27-Oct-2017 03:00:05 UTC] PHP Fatal error:  Uncaught exception 'PDOException' with message 'SQLSTATE[42000]: Syntax error or access violation: 1064 You have an error in your SQL syntax; check the manual that corresponds to your MySQL server version for the right syntax to use near 'ACS' at line 1' in /home/ubuntu/workspace/valet/resources/functions/admin_data.php:360
Stack trace:
#0 /home/ubuntu/workspace/valet/resources/functions/admin_data.php(360): PDOStatement->execute()
#1 /home/ubuntu/workspace/valet/resources/functions/admin_data.php(148): queryFilter('parking_spot', 'status', 1, Object(PDO))
#2 {main}
  thrown in /home/ubuntu/workspace/valet/resources/functions/admin_data.php on line 360
[27-Oct-2017 03:00:34 UTC] PHP Fatal error:  Uncaught exception 'PDOException' with message 'SQLSTATE[42000]: Syntax error or access violation: 1064 You have an error in your SQL syntax; check the manual that corresponds to your MySQL server version for the right syntax to use near 'ACS' at line 1' in /home/ubuntu/workspace/valet/resources/functions/admin_data.php:360
Stack trace:
#0 /home/ubuntu/workspace/valet/resources/functions/admin_data.php(360): PDOStatement->execute()
#1 /home/ubuntu/workspace/valet/resources/functions/admin_data.php(148): queryFilter('parking_spot', 'status', 1, Object(PDO))
#2 {main}
  thrown in /home/ubuntu/workspace/valet/resources/functions/admin_data.php on line 360
[27-Oct-2017 03:00:44 UTC] PHP Fatal error:  Uncaught exception 'PDOException' with message 'SQLSTATE[42000]: Syntax error or access violation: 1064 You have an error in your SQL syntax; check the manual that corresponds to your MySQL server version for the right syntax to use near 'ACS' at line 1' in /home/ubuntu/workspace/valet/resources/functions/admin_data.php:360
Stack trace:
#0 /home/ubuntu/workspace/valet/resources/functions/admin_data.php(360): PDOStatement->execute()
#1 /home/ubuntu/workspace/valet/resources/functions/admin_data.php(148): queryFilter('parking_spot', 'status', 1, Object(PDO))
#2 {main}
  thrown in /home/ubuntu/workspace/valet/resources/functions/admin_data.php on line 360
[27-Oct-2017 03:08:08 UTC] PHP Fatal error:  Uncaught exception 'PDOException' with message 'SQLSTATE[42000]: Syntax error or access violation: 1064 You have an error in your SQL syntax; check the manual that corresponds to your MySQL server version for the right syntax to use near 'WHERE `` =' at line 1' in /home/ubuntu/workspace/valet/resources/functions/admin_data.php:388
Stack trace:
#0 /home/ubuntu/workspace/valet/resources/functions/admin_data.php(388): PDOStatement->execute()
#1 /home/ubuntu/workspace/valet/resources/functions/admin_data.php(284): executeSQL(Object(PDO), 'SELECT * FROM `...')
#2 {main}
  thrown in /home/ubuntu/workspace/valet/resources/functions/admin_data.php on line 388
[27-Oct-2017 03:08:10 UTC] PHP Fatal error:  Uncaught exception 'PDOException' with message 'SQLSTATE[42000]: Syntax error or access violation: 1064 You have an error in your SQL syntax; check the manual that corresponds to your MySQL server version for the right syntax to use near 'WHERE `` =  ORDER BY time ASC' at line 1' in /home/ubuntu/workspace/valet/resources/functions/admin_data.php:388
Stack trace:
#0 /home/ubuntu/workspace/valet/resources/functions/admin_data.php(388): PDOStatement->execute()
#1 /home/ubuntu/workspace/valet/resources/functions/admin_data.php(284): executeSQL(Object(PDO), 'SELECT * FROM `...')
#2 {main}
  thrown in /home/ubuntu/workspace/valet/resources/functions/admin_data.php on line 388
[27-Oct-2017 03:08:12 UTC] PHP Fatal error:  Uncaught exception 'PDOException' with message 'SQLSTATE[42000]: Syntax error or access violation: 1064 You have an error in your SQL syntax; check the manual that corresponds to your MySQL server version for the right syntax to use near 'WHERE `` =  ORDER BY time DESC' at line 1' in /home/ubuntu/workspace/valet/resources/functions/admin_data.php:388
Stack trace:
#0 /home/ubuntu/workspace/valet/resources/functions/admin_data.php(388): PDOStatement->execute()
#1 /home/ubuntu/workspace/valet/resources/functions/admin_data.php(284): executeSQL(Object(PDO), 'SELECT * FROM `...')
#2 {main}
  thrown in /home/ubuntu/workspace/valet/resources/functions/admin_data.php on line 388
[27-Oct-2017 03:08:18 UTC] PHP Fatal error:  Uncaught exception 'PDOException' with message 'SQLSTATE[42000]: Syntax error or access violation: 1064 You have an error in your SQL syntax; check the manual that corresponds to your MySQL server version for the right syntax to use near 'WHERE `` =' at line 1' in /home/ubuntu/workspace/valet/resources/functions/admin_data.php:388
Stack trace:
#0 /home/ubuntu/workspace/valet/resources/functions/admin_data.php(388): PDOStatement->execute()
#1 /home/ubuntu/workspace/valet/resources/functions/admin_data.php(284): executeSQL(Object(PDO), 'SELECT * FROM `...')
#2 {main}
  thrown in /home/ubuntu/workspace/valet/resources/functions/admin_data.php on line 388
[27-Oct-2017 03:08:49 UTC] PHP Fatal error:  Uncaught exception 'PDOException' with message 'SQLSTATE[42000]: Syntax error or access violation: 1064 You have an error in your SQL syntax; check the manual that corresponds to your MySQL server version for the right syntax to use near 'WHERE `` =' at line 1' in /home/ubuntu/workspace/valet/resources/functions/admin_data.php:388
Stack trace:
#0 /home/ubuntu/workspace/valet/resources/functions/admin_data.php(388): PDOStatement->execute()
#1 /home/ubuntu/workspace/valet/resources/functions/admin_data.php(241): executeSQL(Object(PDO), 'SELECT customer...')
#2 {main}
  thrown in /home/ubuntu/workspace/valet/resources/functions/admin_data.php on line 388
[27-Oct-2017 03:08:59 UTC] PHP Fatal error:  Uncaught exception 'PDOException' with message 'SQLSTATE[42000]: Syntax error or access violation: 1064 You have an error in your SQL syntax; check the manual that corresponds to your MySQL server version for the right syntax to use near 'WHERE `` =' at line 1' in /home/ubuntu/workspace/valet/resources/functions/admin_data.php:388
Stack trace:
#0 /home/ubuntu/workspace/valet/resources/functions/admin_data.php(388): PDOStatement->execute()
#1 /home/ubuntu/workspace/valet/resources/functions/admin_data.php(241): executeSQL(Object(PDO), 'SELECT customer...')
#2 {main}
  thrown in /home/ubuntu/workspace/valet/resources/functions/admin_data.php on line 388
[27-Oct-2017 03:09:06 UTC] PHP Fatal error:  Uncaught exception 'PDOException' with message 'SQLSTATE[42000]: Syntax error or access violation: 1064 You have an error in your SQL syntax; check the manual that corresponds to your MySQL server version for the right syntax to use near 'WHERE `` =' at line 1' in /home/ubuntu/workspace/valet/resources/functions/admin_data.php:388
Stack trace:
#0 /home/ubuntu/workspace/valet/resources/functions/admin_data.php(388): PDOStatement->execute()
#1 /home/ubuntu/workspace/valet/resources/functions/admin_data.php(241): executeSQL(Object(PDO), 'SELECT customer...')
#2 {main}
  thrown in /home/ubuntu/workspace/valet/resources/functions/admin_data.php on line 388
[27-Oct-2017 03:09:08 UTC] PHP Fatal error:  Uncaught exception 'PDOException' with message 'SQLSTATE[42000]: Syntax error or access violation: 1064 You have an error in your SQL syntax; check the manual that corresponds to your MySQL server version for the right syntax to use near 'WHERE `` =' at line 1' in /home/ubuntu/workspace/valet/resources/functions/admin_data.php:388
Stack trace:
#0 /home/ubuntu/workspace/valet/resources/functions/admin_data.php(388): PDOStatement->execute()
#1 /home/ubuntu/workspace/valet/resources/functions/admin_data.php(241): executeSQL(Object(PDO), 'SELECT customer...')
#2 {main}
  thrown in /home/ubuntu/workspace/valet/resources/functions/admin_data.php on line 388
[27-Oct-2017 03:11:22 UTC] PHP Fatal error:  Uncaught exception 'PDOException' with message 'SQLSTATE[42000]: Syntax error or access violation: 1064 You have an error in your SQL syntax; check the manual that corresponds to your MySQL server version for the right syntax to use near 'WHERE `` =' at line 1' in /home/ubuntu/workspace/valet/resources/functions/admin_data.php:388
Stack trace:
#0 /home/ubuntu/workspace/valet/resources/functions/admin_data.php(388): PDOStatement->execute()
#1 /home/ubuntu/workspace/valet/resources/functions/admin_data.php(241): executeSQL(Object(PDO), 'SELECT customer...')
#2 {main}
  thrown in /home/ubuntu/workspace/valet/resources/functions/admin_data.php on line 388
[27-Oct-2017 03:11:27 UTC] PHP Fatal error:  Uncaught exception 'PDOException' with message 'SQLSTATE[42000]: Syntax error or access violation: 1064 You have an error in your SQL syntax; check the manual that corresponds to your MySQL server version for the right syntax to use near 'WHERE `` =' at line 1' in /home/ubuntu/workspace/valet/resources/functions/admin_data.php:388
Stack trace:
#0 /home/ubuntu/workspace/valet/resources/functions/admin_data.php(388): PDOStatement->execute()
#1 /home/ubuntu/workspace/valet/resources/functions/admin_data.php(241): executeSQL(Object(PDO), 'SELECT customer...')
#2 {main}
  thrown in /home/ubuntu/workspace/valet/resources/functions/admin_data.php on line 388
[27-Oct-2017 03:11:51 UTC] PHP Fatal error:  Uncaught exception 'PDOException' with message 'SQLSTATE[42000]: Syntax error or access violation: 1064 You have an error in your SQL syntax; check the manual that corresponds to your MySQL server version for the right syntax to use near 'WHERE `` =' at line 1' in /home/ubuntu/workspace/valet/resources/functions/admin_data.php:388
Stack trace:
#0 /home/ubuntu/workspace/valet/resources/functions/admin_data.php(388): PDOStatement->execute()
#1 /home/ubuntu/workspace/valet/resources/functions/admin_data.php(284): executeSQL(Object(PDO), 'SELECT * FROM `...')
#2 {main}
  thrown in /home/ubuntu/workspace/valet/resources/functions/admin_data.php on line 388
[27-Oct-2017 03:11:52 UTC] PHP Fatal error:  Uncaught exception 'PDOException' with message 'SQLSTATE[42000]: Syntax error or access violation: 1064 You have an error in your SQL syntax; check the manual that corresponds to your MySQL server version for the right syntax to use near 'WHERE `` =' at line 1' in /home/ubuntu/workspace/valet/resources/functions/admin_data.php:388
Stack trace:
#0 /home/ubuntu/workspace/valet/resources/functions/admin_data.php(388): PDOStatement->execute()
#1 /home/ubuntu/workspace/valet/resources/functions/admin_data.php(284): executeSQL(Object(PDO), 'SELECT * FROM `...')
#2 {main}
  thrown in /home/ubuntu/workspace/valet/resources/functions/admin_data.php on line 388
[27-Oct-2017 03:22:15 UTC] PHP Fatal error:  Uncaught exception 'PDOException' with message 'SQLSTATE[42000]: Syntax error or access violation: 1065 Query was empty' in /home/ubuntu/workspace/valet/resources/functions/admin_data.php:358
Stack trace:
#0 /home/ubuntu/workspace/valet/resources/functions/admin_data.php(358): PDOStatement->execute()
#1 /home/ubuntu/workspace/valet/resources/functions/admin_data.php(148): queryFilter('parking_spot', 'status', 1, Object(PDO))
#2 {main}
  thrown in /home/ubuntu/workspace/valet/resources/functions/admin_data.php on line 358
[27-Oct-2017 03:22:17 UTC] PHP Fatal error:  Uncaught exception 'PDOException' with message 'SQLSTATE[42000]: Syntax error or access violation: 1065 Query was empty' in /home/ubuntu/workspace/valet/resources/functions/admin_data.php:358
Stack trace:
#0 /home/ubuntu/workspace/valet/resources/functions/admin_data.php(358): PDOStatement->execute()
#1 /home/ubuntu/workspace/valet/resources/functions/admin_data.php(148): queryFilter('parking_spot', 'status', 0, Object(PDO))
#2 {main}
  thrown in /home/ubuntu/workspace/valet/resources/functions/admin_data.php on line 358
[27-Oct-2017 03:22:43 UTC] PHP Fatal error:  Uncaught exception 'PDOException' with message 'SQLSTATE[42000]: Syntax error or access violation: 1065 Query was empty' in /home/ubuntu/workspace/valet/resources/functions/admin_data.php:358
Stack trace:
#0 /home/ubuntu/workspace/valet/resources/functions/admin_data.php(358): PDOStatement->execute()
#1 /home/ubuntu/workspace/valet/resources/functions/admin_data.php(243): queryFilter('customer', 'paid_status', 1, Object(PDO))
#2 {main}
  thrown in /home/ubuntu/workspace/valet/resources/functions/admin_data.php on line 358
[27-Oct-2017 03:22:50 UTC] PHP Fatal error:  Uncaught exception 'PDOException' with message 'SQLSTATE[42000]: Syntax error or access violation: 1065 Query was empty' in /home/ubuntu/workspace/valet/resources/functions/admin_data.php:358
Stack trace:
#0 /home/ubuntu/workspace/valet/resources/functions/admin_data.php(358): PDOStatement->execute()
#1 /home/ubuntu/workspace/valet/resources/functions/admin_data.php(148): queryFilter('parking_spot', 'status', 0, Object(PDO))
#2 {main}
  thrown in /home/ubuntu/workspace/valet/resources/functions/admin_data.php on line 358
[27-Oct-2017 03:22:52 UTC] PHP Fatal error:  Uncaught exception 'PDOException' with message 'SQLSTATE[42000]: Syntax error or access violation: 1065 Query was empty' in /home/ubuntu/workspace/valet/resources/functions/admin_data.php:358
Stack trace:
#0 /home/ubuntu/workspace/valet/resources/functions/admin_data.php(358): PDOStatement->execute()
#1 /home/ubuntu/workspace/valet/resources/functions/admin_data.php(148): queryFilter('parking_spot', 'status', 1, Object(PDO))
#2 {main}
  thrown in /home/ubuntu/workspace/valet/resources/functions/admin_data.php on line 358
[27-Oct-2017 03:23:10 UTC] PHP Fatal error:  Uncaught exception 'PDOException' with message 'SQLSTATE[42000]: Syntax error or access violation: 1065 Query was empty' in /home/ubuntu/workspace/valet/resources/functions/admin_data.php:358
Stack trace:
#0 /home/ubuntu/workspace/valet/resources/functions/admin_data.php(358): PDOStatement->execute()
#1 /home/ubuntu/workspace/valet/resources/functions/admin_data.php(148): queryFilter('parking_spot', 'status', 0, Object(PDO))
#2 {main}
  thrown in /home/ubuntu/workspace/valet/resources/functions/admin_data.php on line 358
[27-Oct-2017 03:23:11 UTC] PHP Fatal error:  Uncaught exception 'PDOException' with message 'SQLSTATE[42000]: Syntax error or access violation: 1065 Query was empty' in /home/ubuntu/workspace/valet/resources/functions/admin_data.php:358
Stack trace:
#0 /home/ubuntu/workspace/valet/resources/functions/admin_data.php(358): PDOStatement->execute()
#1 /home/ubuntu/workspace/valet/resources/functions/admin_data.php(148): queryFilter('parking_spot', 'status', 1, Object(PDO))
#2 {main}
  thrown in /home/ubuntu/workspace/valet/resources/functions/admin_data.php on line 358
[27-Oct-2017 03:23:12 UTC] PHP Fatal error:  Uncaught exception 'PDOException' with message 'SQLSTATE[42000]: Syntax error or access violation: 1064 You have an error in your SQL syntax; check the manual that corresponds to your MySQL server version for the right syntax to use near 'ORDER BY parking_spot_id ASC' at line 1' in /home/ubuntu/workspace/valet/resources/functions/admin_data.php:358
Stack trace:
#0 /home/ubuntu/workspace/valet/resources/functions/admin_data.php(358): PDOStatement->execute()
#1 /home/ubuntu/workspace/valet/resources/functions/admin_data.php(148): queryFilter('parking_spot', 'status', 1, Object(PDO))
#2 {main}
  thrown in /home/ubuntu/workspace/valet/resources/functions/admin_data.php on line 358
[27-Oct-2017 03:23:16 UTC] PHP Fatal error:  Uncaught exception 'PDOException' with message 'SQLSTATE[42000]: Syntax error or access violation: 1065 Query was empty' in /home/ubuntu/workspace/valet/resources/functions/admin_data.php:358
Stack trace:
#0 /home/ubuntu/workspace/valet/resources/functions/admin_data.php(358): PDOStatement->execute()
#1 /home/ubuntu/workspace/valet/resources/functions/admin_data.php(189): queryFilter('driver', 'active_status', 1, Object(PDO))
#2 {main}
  thrown in /home/ubuntu/workspace/valet/resources/functions/admin_data.php on line 358
[27-Oct-2017 03:23:17 UTC] PHP Fatal error:  Uncaught exception 'PDOException' with message 'SQLSTATE[42000]: Syntax error or access violation: 1065 Query was empty' in /home/ubuntu/workspace/valet/resources/functions/admin_data.php:358
Stack trace:
#0 /home/ubuntu/workspace/valet/resources/functions/admin_data.php(358): PDOStatement->execute()
#1 /home/ubuntu/workspace/valet/resources/functions/admin_data.php(189): queryFilter('driver', 'active_status', 0, Object(PDO))
#2 {main}
  thrown in /home/ubuntu/workspace/valet/resources/functions/admin_data.php on line 358
[27-Oct-2017 03:27:11 UTC] PHP Fatal error:  Uncaught exception 'PDOException' with message 'SQLSTATE[42000]: Syntax error or access violation: 1065 Query was empty' in /home/ubuntu/workspace/valet/resources/functions/admin_data.php:360
Stack trace:
#0 /home/ubuntu/workspace/valet/resources/functions/admin_data.php(360): PDOStatement->execute()
#1 /home/ubuntu/workspace/valet/resources/functions/admin_data.php(148): queryFilter('parking_spot', 'status', 0, Object(PDO))
#2 {main}
  thrown in /home/ubuntu/workspace/valet/resources/functions/admin_data.php on line 360
[27-Oct-2017 03:27:15 UTC] PHP Fatal error:  Uncaught exception 'PDOException' with message 'SQLSTATE[42000]: Syntax error or access violation: 1065 Query was empty' in /home/ubuntu/workspace/valet/resources/functions/admin_data.php:360
Stack trace:
#0 /home/ubuntu/workspace/valet/resources/functions/admin_data.php(360): PDOStatement->execute()
#1 /home/ubuntu/workspace/valet/resources/functions/admin_data.php(148): queryFilter('parking_spot', 'status', 1, Object(PDO))
#2 {main}
  thrown in /home/ubuntu/workspace/valet/resources/functions/admin_data.php on line 360
[27-Oct-2017 03:27:19 UTC] PHP Fatal error:  Uncaught exception 'PDOException' with message 'SQLSTATE[42000]: Syntax error or access violation: 1065 Query was empty' in /home/ubuntu/workspace/valet/resources/functions/admin_data.php:360
Stack trace:
#0 /home/ubuntu/workspace/valet/resources/functions/admin_data.php(360): PDOStatement->execute()
#1 /home/ubuntu/workspace/valet/resources/functions/admin_data.php(243): queryFilter('customer', 'paid_status', 1, Object(PDO))
#2 {main}
  thrown in /home/ubuntu/workspace/valet/resources/functions/admin_data.php on line 360
=======
[27-Oct-2017 01:45:06 UTC] PHP Fatal error:  Uncaught exception 'PDOException' with message 'SQLSTATE[42S22]: Column not found: 1054 Unknown column 'paid_status' in 'field list'' in /home/ubuntu/workspace/valet/resources/functions/admin_data.php:335
Stack trace:
#0 /home/ubuntu/workspace/valet/resources/functions/admin_data.php(335): PDOStatement->execute()
#1 /home/ubuntu/workspace/valet/resources/functions/admin_data.php(240): executeSQL(Object(PDO), 'SELECT customer...')
#2 {main}
  thrown in /home/ubuntu/workspace/valet/resources/functions/admin_data.php on line 335
[27-Oct-2017 01:45:08 UTC] PHP Fatal error:  Uncaught exception 'PDOException' with message 'SQLSTATE[42S22]: Column not found: 1054 Unknown column 'paid_status' in 'field list'' in /home/ubuntu/workspace/valet/resources/functions/admin_data.php:335
Stack trace:
#0 /home/ubuntu/workspace/valet/resources/functions/admin_data.php(335): PDOStatement->execute()
#1 /home/ubuntu/workspace/valet/resources/functions/admin_data.php(240): executeSQL(Object(PDO), 'SELECT customer...')
#2 {main}
  thrown in /home/ubuntu/workspace/valet/resources/functions/admin_data.php on line 335
[27-Oct-2017 01:45:10 UTC] PHP Fatal error:  Uncaught exception 'PDOException' with message 'SQLSTATE[42S22]: Column not found: 1054 Unknown column 'paid_status' in 'where clause'' in /home/ubuntu/workspace/valet/resources/functions/admin_data.php:329
Stack trace:
#0 /home/ubuntu/workspace/valet/resources/functions/admin_data.php(329): PDOStatement->execute()
#1 /home/ubuntu/workspace/valet/resources/functions/admin_data.php(242): queryFilter('customer', 'paid_status', 1, Object(PDO))
#2 {main}
  thrown in /home/ubuntu/workspace/valet/resources/functions/admin_data.php on line 329
[27-Oct-2017 01:45:11 UTC] PHP Fatal error:  Uncaught exception 'PDOException' with message 'SQLSTATE[42S22]: Column not found: 1054 Unknown column 'paid_status' in 'where clause'' in /home/ubuntu/workspace/valet/resources/functions/admin_data.php:329
Stack trace:
#0 /home/ubuntu/workspace/valet/resources/functions/admin_data.php(329): PDOStatement->execute()
#1 /home/ubuntu/workspace/valet/resources/functions/admin_data.php(242): queryFilter('customer', 'paid_status', 0, Object(PDO))
#2 {main}
  thrown in /home/ubuntu/workspace/valet/resources/functions/admin_data.php on line 329
[27-Oct-2017 01:45:15 UTC] PHP Fatal error:  Uncaught exception 'PDOException' with message 'SQLSTATE[42S22]: Column not found: 1054 Unknown column 'active_status' in 'where clause'' in /home/ubuntu/workspace/valet/resources/functions/admin_data.php:329
Stack trace:
#0 /home/ubuntu/workspace/valet/resources/functions/admin_data.php(329): PDOStatement->execute()
#1 /home/ubuntu/workspace/valet/resources/functions/admin_data.php(188): queryFilter('driver', 'active_status', 1, Object(PDO))
#2 {main}
  thrown in /home/ubuntu/workspace/valet/resources/functions/admin_data.php on line 329
[27-Oct-2017 01:45:16 UTC] PHP Fatal error:  Uncaught exception 'PDOException' with message 'SQLSTATE[42S22]: Column not found: 1054 Unknown column 'active_status' in 'where clause'' in /home/ubuntu/workspace/valet/resources/functions/admin_data.php:329
Stack trace:
#0 /home/ubuntu/workspace/valet/resources/functions/admin_data.php(329): PDOStatement->execute()
#1 /home/ubuntu/workspace/valet/resources/functions/admin_data.php(188): queryFilter('driver', 'active_status', 0, Object(PDO))
#2 {main}
  thrown in /home/ubuntu/workspace/valet/resources/functions/admin_data.php on line 329
>>>>>>> 9f1ba4810c511bbe8adb3e559aab4575fcb3a39d
[27-Oct-2017 03:59:26 UTC] PHP Fatal error:  Uncaught exception 'PDOException' with message 'SQLSTATE[42000]: Syntax error or access violation: 1064 You have an error in your SQL syntax; check the manual that corresponds to your MySQL server version for the right syntax to use near 'DESC' at line 1' in /home/ubuntu/workspace/valet/resources/functions/admin_data.php:360
Stack trace:
#0 /home/ubuntu/workspace/valet/resources/functions/admin_data.php(360): PDOStatement->execute()
#1 /home/ubuntu/workspace/valet/resources/functions/admin_data.php(148): queryFilter('parking_spot', 'status', 1, Object(PDO))
#2 {main}
  thrown in /home/ubuntu/workspace/valet/resources/functions/admin_data.php on line 360
